This file contains any messages produced by compilers while
running configure, to aid debugging if configure makes a mistake.

It was created by configure, which was
generated by GNU Autoconf 2.71.  Invocation command line was

  $ ./configure

## --------- ##
## Platform. ##
## --------- ##

hostname = MacBook-Pro.local
uname -m = x86_64
uname -r = 20.6.0
uname -s = Darwin
uname -v = Darwin Kernel Version 20.6.0: Mon Aug 30 06:12:21 PDT 2021; root:xnu-7195.141.6~3/RELEASE_X86_64

/usr/bin/uname -p = i386
/bin/uname -X     = unknown

/bin/arch              = unknown
/usr/bin/arch -k       = unknown
/usr/convex/getsysinfo = unknown
/usr/bin/hostinfo      = Mach kernel version:
	 Darwin Kernel Version 20.6.0: Mon Aug 30 06:12:21 PDT 2021; root:xnu-7195.141.6~3/RELEASE_X86_64
Kernel configured for up to 8 processors.
4 processors are physically available.
8 processors are logically available.
Processor type: x86_64h (Intel x86-64h Haswell)
Processors active: 0 1 2 3 4 5 6 7
Primary memory available: 8.00 gigabytes
Default processor set: 384 tasks, 2315 threads, 8 processors
Load average: 3.17, Mach factor: 4.81
/bin/machine           = unknown
/usr/bin/oslevel       = unknown
/bin/universe          = unknown

PATH: /usr/local/sbin/
PATH: /usr/local/opt/php@8.0/sbin/
PATH: /usr/local/opt/php@8.0/bin/
PATH: /Applications/MAMP/bin/php/php8.0.0/bin/
PATH: /Users/nr/.rbenv/shims/
PATH: /Users/nr/.nodebrew/current/bin/
PATH: /usr/local/bin/
PATH: /usr/bin/
PATH: /bin/
PATH: /usr/sbin/
PATH: /sbin/
PATH: /Applications/MAMP/Library/bin/
PATH: /Users/nr/.composer/vendor/bin/


## ----------- ##
## Core tests. ##
## ----------- ##

configure:2485: looking for aux files: config.guess config.sub
configure:2498:  trying ./build/
configure:2527:   ./build/config.guess found
configure:2527:   ./build/config.sub found
configure:2644: checking for grep that handles long lines and -e
configure:2708: result: /usr/bin/grep
configure:2713: checking for egrep
configure:2781: result: /usr/bin/grep -E
configure:2786: checking for a sed that does not truncate output
configure:2856: result: /usr/bin/sed
configure:3000: checking for pkg-config
configure:3023: found /usr/local/bin/pkg-config
configure:3035: result: /usr/local/bin/pkg-config
configure:3060: checking pkg-config is at least version 0.9.0
configure:3063: result: yes
configure:3139: checking for cc
configure:3160: found /usr/bin/cc
configure:3171: result: cc
configure:3202: checking for C compiler version
configure:3211: cc --version >&5
Apple clang version 12.0.5 (clang-1205.0.22.9)
Target: x86_64-apple-darwin20.6.0
Thread model: posix
InstalledDir: /Library/Developer/CommandLineTools/usr/bin
configure:3222: $? = 0
configure:3211: cc -v >&5
Apple clang version 12.0.5 (clang-1205.0.22.9)
Target: x86_64-apple-darwin20.6.0
Thread model: posix
InstalledDir: /Library/Developer/CommandLineTools/usr/bin
configure:3222: $? = 0
configure:3211: cc -V >&5
clang: error: argument to '-V' is missing (expected 1 value)
clang: error: no input files
configure:3222: $? = 1
configure:3211: cc -qversion >&5
clang: error: unknown argument '-qversion'; did you mean '--version'?
clang: error: no input files
configure:3222: $? = 1
configure:3211: cc -version >&5
clang: error: unknown argument '-version'; did you mean '--version'?
clang: error: no input files
configure:3222: $? = 1
configure:3242: checking whether the C compiler works
configure:3264: cc    conftest.c  >&5
configure:3268: $? = 0
configure:3318: result: yes
configure:3321: checking for C compiler default output file name
configure:3323: result: a.out
configure:3329: checking for suffix of executables
configure:3336: cc -o conftest    conftest.c  >&5
configure:3340: $? = 0
configure:3363: result: 
configure:3385: checking whether we are cross compiling
configure:3393: cc -o conftest    conftest.c  >&5
configure:3397: $? = 0
configure:3404: ./conftest
configure:3408: $? = 0
configure:3423: result: no
configure:3428: checking for suffix of object files
configure:3451: cc -c   conftest.c >&5
configure:3455: $? = 0
configure:3477: result: o
configure:3481: checking whether the compiler supports GNU C
configure:3501: cc -c   conftest.c >&5
configure:3501: $? = 0
configure:3511: result: yes
configure:3522: checking whether cc accepts -g
configure:3543: cc -c -g  conftest.c >&5
configure:3543: $? = 0
configure:3587: result: yes
configure:3607: checking for cc option to enable C11 features
configure:3622: cc  -c -g -O2  conftest.c >&5
configure:3622: $? = 0
configure:3640: result: none needed
configure:3756: checking how to run the C preprocessor
configure:3782: cc -E  conftest.c
configure:3782: $? = 0
configure:3797: cc -E  conftest.c
conftest.c:9:10: fatal error: 'ac_nonexistent.h' file not found
#include <ac_nonexistent.h>
         ^~~~~~~~~~~~~~~~~~
1 error generated.
configure:3797: $? = 1
configure: failed program was:
| /* confdefs.h */
| #define PACKAGE_NAME ""
| #define PACKAGE_TARNAME ""
| #define PACKAGE_VERSION ""
| #define PACKAGE_STRING ""
| #define PACKAGE_BUGREPORT ""
| #define PACKAGE_URL ""
| /* end confdefs.h.  */
| #include <ac_nonexistent.h>
configure:3824: result: cc -E
configure:3838: cc -E  conftest.c
configure:3838: $? = 0
configure:3853: cc -E  conftest.c
conftest.c:9:10: fatal error: 'ac_nonexistent.h' file not found
#include <ac_nonexistent.h>
         ^~~~~~~~~~~~~~~~~~
1 error generated.
configure:3853: $? = 1
configure: failed program was:
| /* confdefs.h */
| #define PACKAGE_NAME ""
| #define PACKAGE_TARNAME ""
| #define PACKAGE_VERSION ""
| #define PACKAGE_STRING ""
| #define PACKAGE_BUGREPORT ""
| #define PACKAGE_URL ""
| /* end confdefs.h.  */
| #include <ac_nonexistent.h>
configure:3886: checking for icc
configure:3896: result: no
configure:3910: checking for suncc
configure:3920: result: no
configure:3938: checking for system library directory
configure:3954: result: lib
configure:3961: checking if compiler supports -R
configure:3981: cc -o conftest -g -O2   conftest.c -R /usr/lib  >&5
warning: unknown remark option '-R' [-Wunknown-warning-option]
1 warning generated.
ld: can't map file, errno=22 file '/Library/Developer/CommandLineTools/SDKs/MacOSX.sdk/usr/lib' for architecture x86_64
clang: error: linker command failed with exit code 1 (use -v to see invocation)
configure:3981: $? = 1
configure: failed program was:
| /* confdefs.h */
| #define PACKAGE_NAME ""
| #define PACKAGE_TARNAME ""
| #define PACKAGE_VERSION ""
| #define PACKAGE_STRING ""
| #define PACKAGE_BUGREPORT ""
| #define PACKAGE_URL ""
| /* end confdefs.h.  */
| 
| int
| main (void)
| {
| 
|   ;
|   return 0;
| }
configure:3992: result: no
configure:3997: checking if compiler supports -Wl,-rpath,
configure:4017: cc -o conftest -g -O2   conftest.c -Wl,-rpath,/usr/lib  >&5
configure:4017: $? = 0
configure:4028: result: yes
configure:4047: checking build system type
configure:4062: result: x86_64-apple-darwin20.6.0
configure:4082: checking host system type
configure:4096: result: x86_64-apple-darwin20.6.0
configure:4116: checking target system type
configure:4130: result: x86_64-apple-darwin20.6.0
configure:4234: checking for PHP prefix
configure:4236: result: /usr/local/Cellar/php/8.0.11
configure:4238: checking for PHP includes
configure:4240: result: -I/usr/local/Cellar/php/8.0.11/include/php -I/usr/local/Cellar/php/8.0.11/include/php/main -I/usr/local/Cellar/php/8.0.11/include/php/TSRM -I/usr/local/Cellar/php/8.0.11/include/php/Zend -I/usr/local/Cellar/php/8.0.11/include/php/ext -I/usr/local/Cellar/php/8.0.11/include/php/ext/date/lib
configure:4242: checking for PHP extension directory
configure:4244: result: /usr/local/Cellar/php/8.0.11/pecl/20200930
configure:4246: checking for PHP installed headers prefix
configure:4248: result: /usr/local/Cellar/php/8.0.11/include/php
configure:4251: checking if debug is enabled
configure:4278: result: no
configure:4281: checking if zts is enabled
configure:4308: result: no
configure:4376: checking for gawk
configure:4412: result: no
configure:4376: checking for nawk
configure:4412: result: no
configure:4376: checking for awk
configure:4398: found /usr/bin/awk
configure:4409: result: awk
configure:4432: checking if awk is broken
configure:4439: result: no
configure:4453: checking whether to enable Xdebug support
configure:4493: result: yes, shared
configure:4502: checking whether to enable Xdebug developer build flags
configure:4517: result: no
configure:4525: checking Check for supported PHP versions
configure:4535: result: supported (8.0.11)
configure:4547: checking for gettimeofday
configure:4547: cc -o conftest -g -O2 -I/usr/local/Cellar/php/8.0.11/include/php -I/usr/local/Cellar/php/8.0.11/include/php/main -I/usr/local/Cellar/php/8.0.11/include/php/TSRM -I/usr/local/Cellar/php/8.0.11/include/php/Zend -I/usr/local/Cellar/php/8.0.11/include/php/ext -I/usr/local/Cellar/php/8.0.11/include/php/ext/date/lib   conftest.c  >&5
configure:4547: $? = 0
configure:4547: result: yes
configure:4554: checking for clock_gettime
configure:4554: cc -o conftest -g -O2 -I/usr/local/Cellar/php/8.0.11/include/php -I/usr/local/Cellar/php/8.0.11/include/php/main -I/usr/local/Cellar/php/8.0.11/include/php/TSRM -I/usr/local/Cellar/php/8.0.11/include/php/Zend -I/usr/local/Cellar/php/8.0.11/include/php/ext -I/usr/local/Cellar/php/8.0.11/include/php/ext/date/lib   conftest.c  >&5
configure:4554: $? = 0
configure:4554: result: yes
configure:4565: checking for stdio.h
configure:4565: cc -c -g -O2 -I/usr/local/Cellar/php/8.0.11/include/php -I/usr/local/Cellar/php/8.0.11/include/php/main -I/usr/local/Cellar/php/8.0.11/include/php/TSRM -I/usr/local/Cellar/php/8.0.11/include/php/Zend -I/usr/local/Cellar/php/8.0.11/include/php/ext -I/usr/local/Cellar/php/8.0.11/include/php/ext/date/lib  conftest.c >&5
configure:4565: $? = 0
configure:4565: result: yes
configure:4565: checking for stdlib.h
configure:4565: cc -c -g -O2 -I/usr/local/Cellar/php/8.0.11/include/php -I/usr/local/Cellar/php/8.0.11/include/php/main -I/usr/local/Cellar/php/8.0.11/include/php/TSRM -I/usr/local/Cellar/php/8.0.11/include/php/Zend -I/usr/local/Cellar/php/8.0.11/include/php/ext -I/usr/local/Cellar/php/8.0.11/include/php/ext/date/lib  conftest.c >&5
configure:4565: $? = 0
configure:4565: result: yes
configure:4565: checking for string.h
configure:4565: cc -c -g -O2 -I/usr/local/Cellar/php/8.0.11/include/php -I/usr/local/Cellar/php/8.0.11/include/php/main -I/usr/local/Cellar/php/8.0.11/include/php/TSRM -I/usr/local/Cellar/php/8.0.11/include/php/Zend -I/usr/local/Cellar/php/8.0.11/include/php/ext -I/usr/local/Cellar/php/8.0.11/include/php/ext/date/lib  conftest.c >&5
configure:4565: $? = 0
configure:4565: result: yes
configure:4565: checking for inttypes.h
configure:4565: cc -c -g -O2 -I/usr/local/Cellar/php/8.0.11/include/php -I/usr/local/Cellar/php/8.0.11/include/php/main -I/usr/local/Cellar/php/8.0.11/include/php/TSRM -I/usr/local/Cellar/php/8.0.11/include/php/Zend -I/usr/local/Cellar/php/8.0.11/include/php/ext -I/usr/local/Cellar/php/8.0.11/include/php/ext/date/lib  conftest.c >&5
configure:4565: $? = 0
configure:4565: result: yes
configure:4565: checking for stdint.h
configure:4565: cc -c -g -O2 -I/usr/local/Cellar/php/8.0.11/include/php -I/usr/local/Cellar/php/8.0.11/include/php/main -I/usr/local/Cellar/php/8.0.11/include/php/TSRM -I/usr/local/Cellar/php/8.0.11/include/php/Zend -I/usr/local/Cellar/php/8.0.11/include/php/ext -I/usr/local/Cellar/php/8.0.11/include/php/ext/date/lib  conftest.c >&5
configure:4565: $? = 0
configure:4565: result: yes
configure:4565: checking for strings.h
configure:4565: cc -c -g -O2 -I/usr/local/Cellar/php/8.0.11/include/php -I/usr/local/Cellar/php/8.0.11/include/php/main -I/usr/local/Cellar/php/8.0.11/include/php/TSRM -I/usr/local/Cellar/php/8.0.11/include/php/Zend -I/usr/local/Cellar/php/8.0.11/include/php/ext -I/usr/local/Cellar/php/8.0.11/include/php/ext/date/lib  conftest.c >&5
configure:4565: $? = 0
configure:4565: result: yes
configure:4565: checking for sys/stat.h
configure:4565: cc -c -g -O2 -I/usr/local/Cellar/php/8.0.11/include/php -I/usr/local/Cellar/php/8.0.11/include/php/main -I/usr/local/Cellar/php/8.0.11/include/php/TSRM -I/usr/local/Cellar/php/8.0.11/include/php/Zend -I/usr/local/Cellar/php/8.0.11/include/php/ext -I/usr/local/Cellar/php/8.0.11/include/php/ext/date/lib  conftest.c >&5
configure:4565: $? = 0
configure:4565: result: yes
configure:4565: checking for sys/types.h
configure:4565: cc -c -g -O2 -I/usr/local/Cellar/php/8.0.11/include/php -I/usr/local/Cellar/php/8.0.11/include/php/main -I/usr/local/Cellar/php/8.0.11/include/php/TSRM -I/usr/local/Cellar/php/8.0.11/include/php/Zend -I/usr/local/Cellar/php/8.0.11/include/php/ext -I/usr/local/Cellar/php/8.0.11/include/php/ext/date/lib  conftest.c >&5
configure:4565: $? = 0
configure:4565: result: yes
configure:4565: checking for unistd.h
configure:4565: cc -c -g -O2 -I/usr/local/Cellar/php/8.0.11/include/php -I/usr/local/Cellar/php/8.0.11/include/php/main -I/usr/local/Cellar/php/8.0.11/include/php/TSRM -I/usr/local/Cellar/php/8.0.11/include/php/Zend -I/usr/local/Cellar/php/8.0.11/include/php/ext -I/usr/local/Cellar/php/8.0.11/include/php/ext/date/lib  conftest.c >&5
configure:4565: $? = 0
configure:4565: result: yes
configure:4590: checking for netinet/in.h
configure:4590: cc -c -g -O2 -I/usr/local/Cellar/php/8.0.11/include/php -I/usr/local/Cellar/php/8.0.11/include/php/main -I/usr/local/Cellar/php/8.0.11/include/php/TSRM -I/usr/local/Cellar/php/8.0.11/include/php/Zend -I/usr/local/Cellar/php/8.0.11/include/php/ext -I/usr/local/Cellar/php/8.0.11/include/php/ext/date/lib  conftest.c >&5
configure:4590: $? = 0
configure:4590: result: yes
configure:4596: checking for poll.h
configure:4596: cc -c -g -O2 -I/usr/local/Cellar/php/8.0.11/include/php -I/usr/local/Cellar/php/8.0.11/include/php/main -I/usr/local/Cellar/php/8.0.11/include/php/TSRM -I/usr/local/Cellar/php/8.0.11/include/php/Zend -I/usr/local/Cellar/php/8.0.11/include/php/ext -I/usr/local/Cellar/php/8.0.11/include/php/ext/date/lib  conftest.c >&5
configure:4596: $? = 0
configure:4596: result: yes
configure:4602: checking for sys/poll.h
configure:4602: cc -c -g -O2 -I/usr/local/Cellar/php/8.0.11/include/php -I/usr/local/Cellar/php/8.0.11/include/php/main -I/usr/local/Cellar/php/8.0.11/include/php/TSRM -I/usr/local/Cellar/php/8.0.11/include/php/Zend -I/usr/local/Cellar/php/8.0.11/include/php/ext -I/usr/local/Cellar/php/8.0.11/include/php/ext/date/lib  conftest.c >&5
configure:4602: $? = 0
configure:4602: result: yes
configure:4715: checking for cos in -lm
configure:4738: cc -o conftest -g -O2 -I/usr/local/Cellar/php/8.0.11/include/php -I/usr/local/Cellar/php/8.0.11/include/php/main -I/usr/local/Cellar/php/8.0.11/include/php/TSRM -I/usr/local/Cellar/php/8.0.11/include/php/Zend -I/usr/local/Cellar/php/8.0.11/include/php/ext -I/usr/local/Cellar/php/8.0.11/include/php/ext/date/lib   conftest.c -lm   >&5
conftest.c:29:6: warning: incompatible redeclaration of library function 'cos' [-Wincompatible-library-redeclaration]
char cos ();
     ^
conftest.c:29:6: note: 'cos' is a builtin with type 'double (double)'
1 warning generated.
configure:4738: $? = 0
configure:4748: result: yes
configure:6657: checking for a sed that does not truncate output
configure:6712: result: /usr/bin/sed
configure:6727: checking for ld used by cc
configure:6795: result: /Library/Developer/CommandLineTools/usr/bin/ld
configure:6802: checking if the linker (/Library/Developer/CommandLineTools/usr/bin/ld) is GNU ld
configure:6818: result: no
configure:6823: checking for /Library/Developer/CommandLineTools/usr/bin/ld option to reload object files
configure:6831: result: -r
configure:6849: checking for BSD-compatible nm
configure:6899: result: /usr/bin/nm -B
configure:6903: checking whether ln -s works
configure:6907: result: yes
configure:6914: checking how to recognize dependent libraries
configure:7101: result: pass_all
configure:7321: checking for dlfcn.h
configure:7321: cc -c -g -O2  conftest.c >&5
configure:7321: $? = 0
configure:7321: result: yes
configure:7340: checking the maximum length of command line arguments
configure:7453: result: 786432
configure:7465: checking command to parse /usr/bin/nm -B output from cc object
configure:7571: cc -c -g -O2  conftest.c >&5
configure:7574: $? = 0
configure:7578: /usr/bin/nm -B conftest.o \| sed -n -e 's/^.*[ 	]\([BCDEGRST][BCDEGRST]*\)[ 	][ 	]*\([_A-Za-z][_A-Za-z0-9]*\)$/\1 \2 \2/p' \> conftest.nm
configure:7581: $? = 0
cannot find nm_test_var in conftest.nm
configure:7571: cc -c -g -O2  conftest.c >&5
configure:7574: $? = 0
configure:7578: /usr/bin/nm -B conftest.o \| sed -n -e 's/^.*[ 	]\([BCDEGRST][BCDEGRST]*\)[ 	][ 	]*_\([_A-Za-z][_A-Za-z0-9]*\)$/\1 _\2 \2/p' \> conftest.nm
configure:7581: $? = 0
configure:7633: cc -o conftest -g -O2   conftest.c conftstm.o >&5
warning: (x86_64)  could not find object file symbol for symbol _main
configure:7636: $? = 0
configure:7674: result: ok
configure:7678: checking for objdir
configure:7694: result: .libs
configure:7791: checking for ar
configure:7812: found /usr/bin/ar
configure:7823: result: ar
configure:7893: checking for ranlib
configure:7914: found /usr/bin/ranlib
configure:7925: result: ranlib
configure:7995: checking for strip
configure:8016: found /usr/bin/strip
configure:8027: result: strip
configure:8287: checking for dsymutil
configure:8308: found /usr/bin/dsymutil
configure:8319: result: dsymutil
configure:8389: checking for nmedit
configure:8410: found /usr/bin/nmedit
configure:8421: result: nmedit
configure:8444: checking for -single_module linker flag
configure:8466: result: yes
configure:8468: checking for -exported_symbols_list linker flag
configure:8485: cc -o conftest -g -O2   -Wl,-exported_symbols_list,conftest.sym conftest.c  >&5
configure:8488: $? = 0
configure:8502: result: yes
configure:8622: checking if cc supports -fno-rtti -fno-exceptions
configure:8641: cc -c -g -O2  -fno-rtti -fno-exceptions conftest.c >&5
configure:8645: $? = 0
configure:8658: result: yes
configure:8673: checking for cc option to produce PIC
configure:8913: result: -fno-common
configure:8921: checking if cc PIC flag -fno-common works
configure:8940: cc -c -g -O2  -fno-common -DPIC conftest.c >&5
configure:8944: $? = 0
configure:8957: result: yes
configure:8985: checking if cc static flag -static works
configure:9014: result: no
configure:9024: checking if cc supports -c -o file.o
configure:9046: cc -c -g -O2  -o out/conftest2.o conftest.c >&5
configure:9050: $? = 0
configure:9072: result: yes
configure:9098: checking whether the cc linker (/Library/Developer/CommandLineTools/usr/bin/ld) supports shared libraries
configure:10026: result: yes
configure:10093: checking dynamic linker characteristics
configure:10691: result: darwin20.6.0 dyld
configure:10717: checking how to hardcode library paths into programs
configure:10742: result: immediate
configure:10756: checking whether stripping libraries is possible
configure:10770: result: yes
configure:11276: checking if libtool supports shared libraries
configure:11278: result: yes
configure:11281: checking whether to build shared libraries
configure:11302: result: yes
configure:11305: checking whether to build static libraries
configure:11309: result: no
configure:11403: result:
creating libtool
configure:15109: patching config.h.in
configure:15120: creating ./config.status

## ---------------------- ##
## Running config.status. ##
## ---------------------- ##

This file was extended by config.status, which was
generated by GNU Autoconf 2.71.  Invocation command line was

  CONFIG_FILES    = 
  CONFIG_HEADERS  = 
  CONFIG_LINKS    = 
  CONFIG_COMMANDS = 
  $ ./config.status 

on MacBook-Pro.local

config.status:675: creating config.h
config.status:765: config.h is unchanged

## ---------------- ##
## Cache variables. ##
## ---------------- ##

ac_cv_build=x86_64-apple-darwin20.6.0
ac_cv_c_compiler_gnu=yes
ac_cv_env_CC_set=
ac_cv_env_CC_value=
ac_cv_env_CFLAGS_set=
ac_cv_env_CFLAGS_value=
ac_cv_env_CPPFLAGS_set=
ac_cv_env_CPPFLAGS_value=
ac_cv_env_CPP_set=
ac_cv_env_CPP_value=
ac_cv_env_LDFLAGS_set=
ac_cv_env_LDFLAGS_value=
ac_cv_env_LIBS_set=
ac_cv_env_LIBS_value=
ac_cv_env_PKG_CONFIG_LIBDIR_set=
ac_cv_env_PKG_CONFIG_LIBDIR_value=
ac_cv_env_PKG_CONFIG_PATH_set=
ac_cv_env_PKG_CONFIG_PATH_value=
ac_cv_env_PKG_CONFIG_set=
ac_cv_env_PKG_CONFIG_value=
ac_cv_env_build_alias_set=
ac_cv_env_build_alias_value=
ac_cv_env_host_alias_set=
ac_cv_env_host_alias_value=
ac_cv_env_target_alias_set=
ac_cv_env_target_alias_value=
ac_cv_func_clock_gettime=yes
ac_cv_func_gettimeofday=yes
ac_cv_header_dlfcn_h=yes
ac_cv_header_inttypes_h=yes
ac_cv_header_netinet_in_h=yes
ac_cv_header_poll_h=yes
ac_cv_header_stdint_h=yes
ac_cv_header_stdio_h=yes
ac_cv_header_stdlib_h=yes
ac_cv_header_string_h=yes
ac_cv_header_strings_h=yes
ac_cv_header_sys_poll_h=yes
ac_cv_header_sys_stat_h=yes
ac_cv_header_sys_types_h=yes
ac_cv_header_unistd_h=yes
ac_cv_host=x86_64-apple-darwin20.6.0
ac_cv_lib_m_cos=yes
ac_cv_objext=o
ac_cv_path_EGREP='/usr/bin/grep -E'
ac_cv_path_GREP=/usr/bin/grep
ac_cv_path_SED=/usr/bin/sed
ac_cv_path_ac_pt_PKG_CONFIG=/usr/local/bin/pkg-config
ac_cv_prog_AWK=awk
ac_cv_prog_CPP='cc -E'
ac_cv_prog_ac_ct_AR=ar
ac_cv_prog_ac_ct_CC=cc
ac_cv_prog_ac_ct_DSYMUTIL=dsymutil
ac_cv_prog_ac_ct_NMEDIT=nmedit
ac_cv_prog_ac_ct_RANLIB=ranlib
ac_cv_prog_ac_ct_STRIP=strip
ac_cv_prog_cc_c11=
ac_cv_prog_cc_g=yes
ac_cv_prog_cc_stdc=
ac_cv_target=x86_64-apple-darwin20.6.0
lt_cv_apple_cc_single_mod=yes
lt_cv_deplibs_check_method=pass_all
lt_cv_file_magic_cmd='$MAGIC_CMD'
lt_cv_file_magic_test_file=
lt_cv_ld_exported_symbols_list=yes
lt_cv_ld_reload_flag=-r
lt_cv_objdir=.libs
lt_cv_path_LD=/Library/Developer/CommandLineTools/usr/bin/ld
lt_cv_path_NM='/usr/bin/nm -B'
lt_cv_path_SED=/usr/bin/sed
lt_cv_prog_compiler_c_o=yes
lt_cv_prog_compiler_pic_works=yes
lt_cv_prog_compiler_rtti_exceptions=yes
lt_cv_prog_compiler_static_works=no
lt_cv_prog_gnu_ld=no
lt_cv_sys_global_symbol_pipe='sed -n -e '\''s/^.*[ 	]\([BCDEGRST][BCDEGRST]*\)[ 	][ 	]*_\([_A-Za-z][_A-Za-z0-9]*\)$/\1 _\2 \2/p'\'''
lt_cv_sys_global_symbol_to_c_name_address='sed -n -e '\''s/^: \([^ ]*\) $/  {\"\1\", (lt_ptr) 0},/p'\'' -e '\''s/^[BCDEGRST] \([^ ]*\) \([^ ]*\)$/  {"\2", (lt_ptr) \&\2},/p'\'''
lt_cv_sys_global_symbol_to_cdecl='sed -n -e '\''s/^. .* \(.*\)$/extern int \1;/p'\'''
lt_cv_sys_lib_dlsearch_path_spec='/usr/local/lib /lib /usr/lib'
lt_cv_sys_lib_search_path_spec='/Library/Developer/CommandLineTools/usr/lib/clang/12.0.5 /usr/local/lib'
lt_cv_sys_max_cmd_len=786432
lt_lt_cv_prog_compiler_c_o='"yes"'
lt_lt_cv_sys_global_symbol_pipe='"sed -n -e '\''s/^.*[ 	]\\([BCDEGRST][BCDEGRST]*\\)[ 	][ 	]*_\\([_A-Za-z][_A-Za-z0-9]*\\)\$/\\1 _\\2 \\2/p'\''"'
lt_lt_cv_sys_global_symbol_to_c_name_address='"sed -n -e '\''s/^: \\([^ ]*\\) \$/  {\\\"\\1\\\", (lt_ptr) 0},/p'\'' -e '\''s/^[BCDEGRST] \\([^ ]*\\) \\([^ ]*\\)\$/  {\"\\2\", (lt_ptr) \\&\\2},/p'\''"'
lt_lt_cv_sys_global_symbol_to_cdecl='"sed -n -e '\''s/^. .* \\(.*\\)\$/extern int \\1;/p'\''"'
php_cv_cc_dashr=no
php_cv_cc_rpath=yes

## ----------------- ##
## Output variables. ##
## ----------------- ##

AR='ar'
AWK='awk'
CC='cc'
CFLAGS='-g -O2'
CONFIGURE_COMMAND=' '\''./configure'\'' '
CONFIGURE_OPTIONS=''
CPP='cc -E'
CPPFLAGS=' -DHAVE_CONFIG_H'
DEFS='-DHAVE_CONFIG_H'
DSYMUTIL='dsymutil'
ECHO='/bin/echo'
ECHO_C='\c'
ECHO_N=''
ECHO_T=''
EGREP='/usr/bin/grep -E'
EXEEXT=''
GREP='/usr/bin/grep'
LDFLAGS=''
LIBOBJS=''
LIBS=''
LIBTOOL='$(SHELL) $(top_builddir)/libtool'
LN_S='ln -s'
LTLIBOBJS=''
NMEDIT='nmedit'
OBJEXT='o'
PACKAGE_BUGREPORT=''
PACKAGE_NAME=''
PACKAGE_STRING=''
PACKAGE_TARNAME=''
PACKAGE_URL=''
PACKAGE_VERSION=''
PATH_SEPARATOR=':'
PKG_CONFIG='/usr/local/bin/pkg-config'
PKG_CONFIG_LIBDIR=''
PKG_CONFIG_PATH=''
RANLIB='ranlib'
SED='/usr/bin/sed'
SHELL='/bin/sh'
SHLIB_DL_SUFFIX_NAME='so'
SHLIB_SUFFIX_NAME='dylib'
STRIP='strip'
ac_ct_CC='cc'
bindir='${exec_prefix}/bin'
build='x86_64-apple-darwin20.6.0'
build_alias=''
build_cpu='x86_64'
build_os='darwin20.6.0'
build_vendor='apple'
datadir='${datarootdir}'
datarootdir='${prefix}/share'
docdir='${datarootdir}/doc/${PACKAGE}'
dvidir='${docdir}'
exec_prefix='$(prefix)'
host='x86_64-apple-darwin20.6.0'
host_alias='x86_64-apple-darwin20.6.0'
host_cpu='x86_64'
host_os='darwin20.6.0'
host_vendor='apple'
htmldir='${docdir}'
includedir='${prefix}/include'
infodir='${datarootdir}/info'
libdir='${exec_prefix}/lib'
libexecdir='${exec_prefix}/libexec'
localedir='${datarootdir}/locale'
localstatedir='${prefix}/var'
mandir='${datarootdir}/man'
oldincludedir='/usr/include'
pdfdir='${docdir}'
prefix='/usr/local/Cellar/php/8.0.11'
program_transform_name='s,x,x,'
psdir='${docdir}'
runstatedir='${localstatedir}/run'
sbindir='${exec_prefix}/sbin'
sharedstatedir='${prefix}/com'
sysconfdir='${prefix}/etc'
target='x86_64-apple-darwin20.6.0'
target_alias=''
target_cpu='x86_64'
target_os='darwin20.6.0'
target_vendor='apple'

## ----------- ##
## confdefs.h. ##
## ----------- ##

/* confdefs.h */
#define PACKAGE_NAME ""
#define PACKAGE_TARNAME ""
#define PACKAGE_VERSION ""
#define PACKAGE_STRING ""
#define PACKAGE_BUGREPORT ""
#define PACKAGE_URL ""
#define HAVE_XDEBUG 1
#define HAVE_GETTIMEOFDAY 1
#define HAVE_CLOCK_GETTIME 1
#define HAVE_STDIO_H 1
#define HAVE_STDLIB_H 1
#define HAVE_STRING_H 1
#define HAVE_INTTYPES_H 1
#define HAVE_STDINT_H 1
#define HAVE_STRINGS_H 1
#define HAVE_SYS_STAT_H 1
#define HAVE_SYS_TYPES_H 1
#define HAVE_UNISTD_H 1
#define STDC_HEADERS 1
#define HAVE_NETINET_IN_H 1
#define HAVE_POLL_H 1
#define HAVE_SYS_POLL_H 1
#define COMPILE_DL_XDEBUG 1
#define HAVE_DLFCN_H 1

configure: exit 0
